2021-09-12 02:56:41.174 INFO server - serve: Started server process [480]
2021-09-12 02:56:41.175 INFO on - startup: Waiting for application startup.
2021-09-12 02:56:41.176 INFO on - startup: Application startup complete.
2021-09-12 02:56:41.178 INFO server - _log_started_message: Uvicorn running on http://0.0.0.0:80 (Press CTRL+C to quit)
2021-09-12 02:57:02.646 INFO service - predict: predict
2021-09-12 02:57:02.707 INFO service - predict: predict
2021-09-12 02:57:02.750 INFO service - predict: predict
2021-09-12 02:57:02.795 INFO service - predict: predict
2021-09-12 02:57:02.848 INFO service - predict: predict
2021-09-12 02:57:02.893 INFO service - predict: predict
2021-09-12 02:57:02.937 INFO service - predict: predict
2021-09-12 02:57:02.980 INFO service - predict: predict
2021-09-12 02:57:03.034 INFO service - predict: predict
2021-09-12 02:57:03.080 INFO service - predict: predict
2021-09-12 02:57:03.122 INFO service - predict: predict
2021-09-12 02:57:03.169 INFO service - predict: predict
2021-09-12 02:57:03.212 INFO service - predict: predict
2021-09-12 02:57:03.255 INFO service - predict: predict
2021-09-12 02:57:03.304 INFO service - predict: predict
2021-09-12 02:57:03.344 INFO service - predict: predict
2021-09-12 02:57:03.388 INFO service - predict: predict
2021-09-12 02:57:03.434 INFO service - predict: predict
2021-09-12 02:57:03.476 INFO service - predict: predict
2021-09-12 02:57:03.520 INFO service - predict: predict
2021-09-12 02:57:03.562 INFO service - predict: predict
2021-09-12 02:57:03.608 INFO service - predict: predict
2021-09-12 02:57:03.654 INFO service - predict: predict
2021-09-12 02:57:03.700 INFO service - predict: predict
2021-09-12 02:57:03.745 INFO service - predict: predict
2021-09-12 02:57:03.791 INFO service - predict: predict
2021-09-12 02:57:03.842 INFO service - predict: predict
2021-09-12 02:57:03.888 INFO service - predict: predict
2021-09-12 02:57:03.931 INFO service - predict: predict
2021-09-12 02:57:03.973 INFO service - predict: predict
2021-09-12 02:57:04.017 INFO service - predict: predict
2021-09-12 02:57:04.061 INFO service - predict: predict
2021-09-12 02:57:04.107 INFO service - predict: predict
2021-09-12 02:57:04.150 INFO service - predict: predict
2021-09-12 02:57:04.194 INFO service - predict: predict
2021-09-12 02:57:04.238 INFO service - predict: predict
2021-09-12 02:57:04.282 INFO service - predict: predict
2021-09-12 02:57:04.327 INFO service - predict: predict
2021-09-12 02:57:04.374 INFO service - predict: predict
2021-09-12 02:57:04.416 INFO service - predict: predict
2021-09-12 02:57:04.461 INFO service - predict: predict
2021-09-12 02:57:04.505 INFO service - predict: predict
2021-09-12 02:57:04.549 INFO service - predict: predict
2021-09-12 02:57:04.591 INFO service - predict: predict
2021-09-12 02:57:04.632 INFO service - predict: predict
2021-09-12 02:57:04.677 INFO service - predict: predict
2021-09-12 02:57:04.721 INFO service - predict: predict
2021-09-12 02:57:04.764 INFO service - predict: predict
2021-09-12 02:57:04.812 INFO service - predict: predict
2021-09-12 02:57:04.857 INFO service - predict: predict
2021-09-12 02:57:04.908 INFO service - predict: predict
2021-09-12 02:57:04.952 INFO service - predict: predict
2021-09-12 02:57:04.994 INFO service - predict: predict
2021-09-12 02:57:05.036 INFO service - predict: predict
2021-09-12 02:57:05.080 INFO service - predict: predict
2021-09-12 02:57:05.124 INFO service - predict: predict
2021-09-12 02:57:05.213 INFO service - predict: predict
2021-09-12 02:57:05.253 INFO service - predict: predict
2021-09-12 02:57:05.299 INFO service - predict: predict
2021-09-12 02:57:05.342 INFO service - predict: predict
2021-09-12 02:57:05.383 INFO service - predict: predict
2021-09-12 02:57:05.424 INFO service - predict: predict
2021-09-12 02:57:05.464 INFO service - predict: predict
2021-09-12 02:57:05.506 INFO service - predict: predict
2021-09-12 02:57:05.544 INFO service - predict: predict
2021-09-12 02:57:05.581 INFO service - predict: predict
2021-09-12 02:57:05.620 INFO service - predict: predict
2021-09-12 02:57:05.661 INFO service - predict: predict
2021-09-12 02:57:05.699 INFO service - predict: predict
2021-09-12 02:57:05.737 INFO service - predict: predict
2021-09-12 02:57:05.854 INFO service - predict: predict
2021-09-12 02:57:05.895 INFO service - predict: predict
2021-09-12 02:57:05.932 INFO service - predict: predict
2021-09-12 02:57:05.970 INFO service - predict: predict
2021-09-12 02:57:06.009 INFO service - predict: predict
2021-09-12 02:57:06.045 INFO service - predict: predict
2021-09-12 02:57:06.086 INFO service - predict: predict
2021-09-12 02:57:06.131 INFO service - predict: predict
2021-09-12 02:57:06.170 INFO service - predict: predict
2021-09-12 02:57:06.212 INFO service - predict: predict
2021-09-12 02:57:06.255 INFO service - predict: predict
2021-09-12 02:57:06.296 INFO service - predict: predict
2021-09-12 02:57:06.341 INFO service - predict: predict
2021-09-12 02:57:06.381 INFO service - predict: predict
2021-09-12 02:57:06.421 INFO service - predict: predict
2021-09-12 02:57:06.460 INFO service - predict: predict
2021-09-12 02:57:06.501 INFO service - predict: predict
2021-09-12 02:57:06.540 INFO service - predict: predict
2021-09-12 02:57:06.578 INFO service - predict: predict
2021-09-12 02:57:06.628 INFO service - predict: predict
2021-09-12 02:57:06.678 INFO service - predict: predict
2021-09-12 02:57:06.717 INFO service - predict: predict
2021-09-12 02:57:06.754 INFO service - predict: predict
2021-09-12 02:57:06.792 INFO service - predict: predict
2021-09-12 02:57:06.830 INFO service - predict: predict
2021-09-12 02:57:06.868 INFO service - predict: predict
2021-09-12 02:57:06.908 INFO service - predict: predict
2021-09-12 02:57:06.950 INFO service - predict: predict
2021-09-12 02:57:06.989 INFO service - predict: predict
2021-09-12 02:57:07.028 INFO service - predict: predict
2021-09-12 02:57:07.065 INFO service - predict: predict
2021-09-12 02:57:07.101 INFO service - predict: predict
2021-09-12 02:57:07.138 INFO service - predict: predict
2021-09-12 02:57:07.179 INFO service - predict: predict
2021-09-12 02:57:07.215 INFO service - predict: predict
2021-09-12 02:57:07.251 INFO service - predict: predict
2021-09-12 02:57:07.288 INFO service - predict: predict
2021-09-12 02:57:07.323 INFO service - predict: predict
2021-09-12 02:57:07.360 INFO service - predict: predict
2021-09-12 02:57:07.399 INFO service - predict: predict
2021-09-12 02:57:07.437 INFO service - predict: predict
2021-09-12 02:57:07.478 INFO service - predict: predict
2021-09-12 02:57:07.514 INFO service - predict: predict
2021-09-12 02:57:07.549 INFO service - predict: predict
2021-09-12 02:57:07.584 INFO service - predict: predict
2021-09-12 02:57:07.624 INFO service - predict: predict
2021-09-12 02:57:07.662 INFO service - predict: predict
2021-09-12 02:57:07.699 INFO service - predict: predict
2021-09-12 02:57:07.741 INFO service - predict: predict
2021-09-12 02:57:07.787 INFO service - predict: predict
2021-09-12 02:57:07.823 INFO service - predict: predict
2021-09-12 02:57:07.864 INFO service - predict: predict
2021-09-12 02:57:07.905 INFO service - predict: predict
2021-09-12 02:57:07.941 INFO service - predict: predict
2021-09-12 02:57:07.977 INFO service - predict: predict
2021-09-12 02:57:08.017 INFO service - predict: predict
2021-09-12 02:57:08.055 INFO service - predict: predict
2021-09-12 02:57:08.092 INFO service - predict: predict
2021-09-12 02:57:08.130 INFO service - predict: predict
2021-09-12 02:57:08.167 INFO service - predict: predict
2021-09-12 02:57:08.206 INFO service - predict: predict
2021-09-12 02:57:08.243 INFO service - predict: predict
2021-09-12 02:57:08.281 INFO service - predict: predict
2021-09-12 02:57:08.319 INFO service - predict: predict
2021-09-12 02:57:08.356 INFO service - predict: predict
2021-09-12 02:57:08.391 INFO service - predict: predict
2021-09-12 02:57:08.428 INFO service - predict: predict
2021-09-12 02:57:08.464 INFO service - predict: predict
2021-09-12 02:57:08.501 INFO service - predict: predict
2021-09-12 02:57:08.538 INFO service - predict: predict
2021-09-12 02:57:08.574 INFO service - predict: predict
2021-09-12 02:57:08.610 INFO service - predict: predict
2021-09-12 02:57:08.647 INFO service - predict: predict
2021-09-12 02:57:08.695 INFO service - predict: predict
2021-09-12 02:57:08.732 INFO service - predict: predict
2021-09-12 02:57:08.769 INFO service - predict: predict
2021-09-12 02:57:08.805 INFO service - predict: predict
2021-09-12 02:57:08.843 INFO service - predict: predict
2021-09-12 02:57:08.883 INFO service - predict: predict
2021-09-12 02:57:08.922 INFO service - predict: predict
2021-09-12 02:57:08.960 INFO service - predict: predict
2021-09-12 02:57:09.002 INFO service - predict: predict
2021-09-12 02:57:09.040 INFO service - predict: predict
2021-09-12 02:57:09.083 INFO service - predict: predict
2021-09-12 02:57:09.125 INFO service - predict: predict
2021-09-12 02:57:09.165 INFO service - predict: predict
2021-09-12 02:57:09.208 INFO service - predict: predict
2021-09-12 02:57:09.249 INFO service - predict: predict
2021-09-12 02:57:09.287 INFO service - predict: predict
2021-09-12 02:57:09.329 INFO service - predict: predict
2021-09-12 02:57:09.372 INFO service - predict: predict
2021-09-12 02:57:09.410 INFO service - predict: predict
2021-09-12 02:57:09.450 INFO service - predict: predict
2021-09-12 02:57:09.487 INFO service - predict: predict
2021-09-12 02:57:09.526 INFO service - predict: predict
2021-09-12 02:57:09.565 INFO service - predict: predict
2021-09-12 02:57:09.602 INFO service - predict: predict
2021-09-12 02:57:09.639 INFO service - predict: predict
2021-09-12 02:57:09.676 INFO service - predict: predict
2021-09-12 02:57:09.716 INFO service - predict: predict
2021-09-12 02:57:09.756 INFO service - predict: predict
2021-09-12 02:57:09.800 INFO service - predict: predict
2021-09-12 02:57:09.838 INFO service - predict: predict
2021-09-12 02:57:09.877 INFO service - predict: predict
2021-09-12 02:57:09.916 INFO service - predict: predict
2021-09-12 02:57:09.957 INFO service - predict: predict
2021-09-12 02:57:09.996 INFO service - predict: predict
2021-09-12 02:57:10.035 INFO service - predict: predict
2021-09-12 02:57:10.074 INFO service - predict: predict
2021-09-12 02:57:10.119 INFO service - predict: predict
2021-09-12 02:57:10.159 INFO service - predict: predict
2021-09-12 02:57:10.195 INFO service - predict: predict
2021-09-12 02:57:10.234 INFO service - predict: predict
2021-09-12 02:57:10.276 INFO service - predict: predict
2021-09-12 02:57:10.316 INFO service - predict: predict
2021-09-12 02:57:10.354 INFO service - predict: predict
2021-09-12 02:57:10.393 INFO service - predict: predict
2021-09-12 02:57:10.431 INFO service - predict: predict
2021-09-12 02:57:10.471 INFO service - predict: predict
2021-09-12 02:57:10.510 INFO service - predict: predict
2021-09-12 02:57:10.549 INFO service - predict: predict
2021-09-12 02:57:10.591 INFO service - predict: predict
2021-09-12 02:57:10.632 INFO service - predict: predict
2021-09-12 02:57:10.674 INFO service - predict: predict
2021-09-12 02:57:10.711 INFO service - predict: predict
2021-09-12 02:57:10.752 INFO service - predict: predict
2021-09-12 02:57:10.790 INFO service - predict: predict
2021-09-12 02:57:10.827 INFO service - predict: predict
2021-09-12 02:57:10.869 INFO service - predict: predict
2021-09-12 02:57:10.908 INFO service - predict: predict
2021-09-12 02:57:10.947 INFO service - predict: predict
2021-09-12 02:57:10.985 INFO service - predict: predict
2021-09-12 02:57:11.022 INFO service - predict: predict
2021-09-12 02:57:11.061 INFO service - predict: predict
2021-09-12 02:57:11.100 INFO service - predict: predict
2021-09-12 02:57:11.138 INFO service - predict: predict
2021-09-12 02:57:11.176 INFO service - predict: predict
2021-09-12 02:57:11.214 INFO service - predict: predict
2021-09-12 02:57:11.251 INFO service - predict: predict
2021-09-12 02:57:11.290 INFO service - predict: predict
2021-09-12 02:57:11.328 INFO service - predict: predict
2021-09-12 02:57:11.365 INFO service - predict: predict
2021-09-12 02:57:11.402 INFO service - predict: predict
2021-09-12 02:57:11.438 INFO service - predict: predict
2021-09-12 02:57:11.474 INFO service - predict: predict
2021-09-12 02:57:11.510 INFO service - predict: predict
2021-09-12 02:57:11.546 INFO service - predict: predict
2021-09-12 02:57:11.581 INFO service - predict: predict
2021-09-12 02:57:11.616 INFO service - predict: predict
2021-09-12 02:57:11.652 INFO service - predict: predict
2021-09-12 02:57:11.689 INFO service - predict: predict
2021-09-12 02:57:11.726 INFO service - predict: predict
2021-09-12 02:57:11.764 INFO service - predict: predict
2021-09-12 02:57:11.810 INFO service - predict: predict
2021-09-12 02:57:11.845 INFO service - predict: predict
2021-09-12 02:57:11.882 INFO service - predict: predict
2021-09-12 02:57:11.922 INFO service - predict: predict
2021-09-12 02:57:11.958 INFO service - predict: predict
2021-09-12 02:57:11.998 INFO service - predict: predict
2021-09-12 02:57:12.033 INFO service - predict: predict
2021-09-12 02:57:12.069 INFO service - predict: predict
2021-09-12 02:57:12.108 INFO service - predict: predict
2021-09-12 02:57:12.144 INFO service - predict: predict
2021-09-12 02:57:12.183 INFO service - predict: predict
2021-09-12 02:57:12.220 INFO service - predict: predict
2021-09-12 02:57:12.256 INFO service - predict: predict
2021-09-12 02:57:12.292 INFO service - predict: predict
2021-09-12 02:57:12.330 INFO service - predict: predict
2021-09-12 02:57:12.369 INFO service - predict: predict
2021-09-12 02:57:12.405 INFO service - predict: predict
2021-09-12 02:57:12.442 INFO service - predict: predict
2021-09-12 02:57:12.480 INFO service - predict: predict
2021-09-12 02:57:12.521 INFO service - predict: predict
2021-09-12 02:57:12.558 INFO service - predict: predict
2021-09-12 02:57:12.595 INFO service - predict: predict
2021-09-12 02:57:12.631 INFO service - predict: predict
2021-09-12 02:57:12.673 INFO service - predict: predict
2021-09-12 02:57:12.715 INFO service - predict: predict
2021-09-12 02:57:12.756 INFO service - predict: predict
2021-09-12 02:57:12.794 INFO service - predict: predict
2021-09-12 02:57:12.832 INFO service - predict: predict
2021-09-12 02:57:12.869 INFO service - predict: predict
2021-09-12 02:57:12.904 INFO service - predict: predict
2021-09-12 02:57:12.941 INFO service - predict: predict
2021-09-12 02:57:12.978 INFO service - predict: predict
2021-09-12 02:57:13.014 INFO service - predict: predict
2021-09-12 02:57:13.050 INFO service - predict: predict
2021-09-12 02:57:13.086 INFO service - predict: predict
2021-09-12 02:57:13.122 INFO service - predict: predict
2021-09-12 02:57:13.159 INFO service - predict: predict
2021-09-12 02:57:13.193 INFO service - predict: predict
2021-09-12 02:57:13.230 INFO service - predict: predict
2021-09-12 02:57:13.265 INFO service - predict: predict
2021-09-12 02:57:13.302 INFO service - predict: predict
2021-09-12 02:57:13.338 INFO service - predict: predict
2021-09-12 02:57:13.374 INFO service - predict: predict
2021-09-12 02:57:13.409 INFO service - predict: predict
2021-09-12 02:57:13.446 INFO service - predict: predict
2021-09-12 02:57:13.489 INFO service - predict: predict
2021-09-12 02:57:13.532 INFO service - predict: predict
2021-09-12 02:57:13.571 INFO service - predict: predict
2021-09-12 02:57:13.610 INFO service - predict: predict
2021-09-12 02:57:13.646 INFO service - predict: predict
2021-09-12 02:57:13.683 INFO service - predict: predict
2021-09-12 02:57:13.718 INFO service - predict: predict
2021-09-12 02:57:13.756 INFO service - predict: predict
2021-09-12 02:57:13.792 INFO service - predict: predict
2021-09-12 02:57:13.829 INFO service - predict: predict
2021-09-12 02:57:13.866 INFO service - predict: predict
2021-09-12 02:57:13.905 INFO service - predict: predict
2021-09-12 02:57:13.948 INFO service - predict: predict
2021-09-12 02:57:13.992 INFO service - predict: predict
2021-09-12 02:57:14.033 INFO service - predict: predict
2021-09-12 02:57:14.070 INFO service - predict: predict
2021-09-12 02:57:14.108 INFO service - predict: predict
2021-09-12 02:57:14.152 INFO service - predict: predict
2021-09-12 02:57:14.189 INFO service - predict: predict
2021-09-12 02:57:14.226 INFO service - predict: predict
2021-09-12 02:57:14.262 INFO service - predict: predict
2021-09-12 02:57:14.299 INFO service - predict: predict
2021-09-12 02:57:14.334 INFO service - predict: predict
2021-09-12 02:57:14.370 INFO service - predict: predict
2021-09-12 02:57:14.407 INFO service - predict: predict
2021-09-12 02:57:14.448 INFO service - predict: predict
2021-09-12 02:57:14.486 INFO service - predict: predict
2021-09-12 02:57:14.524 INFO service - predict: predict
2021-09-12 02:57:14.564 INFO service - predict: predict
2021-09-12 02:57:14.603 INFO service - predict: predict
2021-09-12 02:57:14.642 INFO service - predict: predict
2021-09-12 02:57:14.682 INFO service - predict: predict
2021-09-12 02:57:14.727 INFO service - predict: predict
2021-09-12 02:57:14.764 INFO service - predict: predict
2021-09-12 02:57:14.807 INFO service - predict: predict
2021-09-12 02:57:14.845 INFO service - predict: predict
2021-09-12 02:57:14.884 INFO service - predict: predict
2021-09-12 02:57:14.926 INFO service - predict: predict
2021-09-12 02:57:14.966 INFO service - predict: predict
2021-09-12 02:57:15.006 INFO service - predict: predict
2021-09-12 02:57:15.045 INFO service - predict: predict
2021-09-12 02:57:15.083 INFO service - predict: predict
2021-09-12 02:57:15.119 INFO service - predict: predict
2021-09-12 02:57:15.158 INFO service - predict: predict
2021-09-12 02:57:15.196 INFO service - predict: predict
2021-09-12 02:57:15.232 INFO service - predict: predict
2021-09-12 02:57:15.269 INFO service - predict: predict
2021-09-12 02:57:15.307 INFO service - predict: predict
2021-09-12 02:57:15.345 INFO service - predict: predict
2021-09-12 02:57:15.384 INFO service - predict: predict
2021-09-12 02:57:15.424 INFO service - predict: predict
2021-09-12 02:57:15.464 INFO service - predict: predict
2021-09-12 02:57:15.501 INFO service - predict: predict
2021-09-12 02:57:15.540 INFO service - predict: predict
2021-09-12 02:57:15.579 INFO service - predict: predict
2021-09-12 02:57:15.619 INFO service - predict: predict
2021-09-12 02:57:15.656 INFO service - predict: predict
2021-09-12 02:57:15.693 INFO service - predict: predict
2021-09-12 02:57:15.733 INFO service - predict: predict
2021-09-12 02:57:15.769 INFO service - predict: predict
2021-09-12 02:57:15.808 INFO service - predict: predict
2021-09-12 02:57:15.845 INFO service - predict: predict
2021-09-12 02:57:15.883 INFO service - predict: predict
2021-09-12 02:57:15.920 INFO service - predict: predict
2021-09-12 02:57:15.957 INFO service - predict: predict
2021-09-12 02:57:15.999 INFO service - predict: predict
2021-09-12 02:57:16.300 INFO service - predict: predict
2021-09-12 02:57:16.340 INFO service - predict: predict
2021-09-12 02:57:16.380 INFO service - predict: predict
2021-09-12 02:57:16.419 INFO service - predict: predict
2021-09-12 02:57:16.457 INFO service - predict: predict
2021-09-12 02:57:16.497 INFO service - predict: predict
2021-09-12 02:57:16.535 INFO service - predict: predict
2021-09-12 02:57:16.572 INFO service - predict: predict
2021-09-12 02:57:16.612 INFO service - predict: predict
2021-09-12 02:57:16.650 INFO service - predict: predict
2021-09-12 03:02:08.490 INFO service - predict: predict
2021-09-12 03:03:05.432 INFO service - predict: predict
2021-09-12 03:03:05.543 INFO service - predict: predict
2021-09-12 03:03:05.631 INFO service - predict: predict
2021-09-12 03:03:05.727 INFO service - predict: predict
2021-09-12 03:03:05.823 INFO service - predict: predict
2021-09-12 03:03:05.930 INFO service - predict: predict
2021-09-12 03:03:06.035 INFO service - predict: predict
2021-09-12 03:03:06.119 INFO service - predict: predict
2021-09-12 03:03:06.231 INFO service - predict: predict
2021-09-12 03:03:06.314 INFO service - predict: predict
2021-09-12 03:03:06.399 INFO service - predict: predict
2021-09-12 03:03:06.511 INFO service - predict: predict
2021-09-12 03:03:06.614 INFO service - predict: predict
2021-09-12 03:03:06.718 INFO service - predict: predict
2021-09-12 03:03:06.819 INFO service - predict: predict
2021-09-12 03:03:06.903 INFO service - predict: predict
2021-09-12 03:03:07.008 INFO service - predict: predict
2021-09-12 03:03:07.111 INFO service - predict: predict
2021-09-12 03:03:07.211 INFO service - predict: predict
2021-09-12 03:03:07.308 INFO service - predict: predict
2021-09-12 03:03:07.403 INFO service - predict: predict
2021-09-12 03:03:07.486 INFO service - predict: predict
2021-09-12 03:03:07.571 INFO service - predict: predict
2021-09-12 03:03:07.651 INFO service - predict: predict
2021-09-12 03:03:07.730 INFO service - predict: predict
2021-09-12 03:03:07.815 INFO service - predict: predict
2021-09-12 03:03:07.899 INFO service - predict: predict
2021-09-12 03:03:07.999 INFO service - predict: predict
2021-09-12 03:03:08.095 INFO service - predict: predict
2021-09-12 03:03:08.183 INFO service - predict: predict
2021-09-12 03:03:08.291 INFO service - predict: predict
2021-09-12 03:03:08.399 INFO service - predict: predict
2021-09-12 03:03:08.491 INFO service - predict: predict
2021-09-12 03:03:08.587 INFO service - predict: predict
2021-09-12 03:03:08.675 INFO service - predict: predict
2021-09-12 03:03:08.767 INFO service - predict: predict
2021-09-12 03:03:08.851 INFO service - predict: predict
2021-09-12 03:03:08.947 INFO service - predict: predict
2021-09-12 03:03:09.027 INFO service - predict: predict
2021-09-12 03:03:09.110 INFO service - predict: predict
2021-09-12 03:03:09.230 INFO service - predict: predict
2021-09-12 03:03:09.340 INFO service - predict: predict
2021-09-12 03:03:09.443 INFO service - predict: predict
2021-09-12 03:03:09.531 INFO service - predict: predict
2021-09-12 03:03:09.626 INFO service - predict: predict
2021-09-12 03:03:09.711 INFO service - predict: predict
2021-09-12 03:03:09.814 INFO service - predict: predict
2021-09-12 03:03:09.894 INFO service - predict: predict
2021-09-12 03:03:09.986 INFO service - predict: predict
2021-09-12 03:03:10.071 INFO service - predict: predict
2021-09-12 03:03:10.158 INFO service - predict: predict
2021-09-12 03:03:10.243 INFO service - predict: predict
2021-09-12 03:03:10.331 INFO service - predict: predict
2021-09-12 03:03:10.431 INFO service - predict: predict
2021-09-12 03:03:10.511 INFO service - predict: predict
2021-09-12 03:03:10.607 INFO service - predict: predict
2021-09-12 03:03:10.686 INFO service - predict: predict
2021-09-12 03:03:10.774 INFO service - predict: predict
2021-09-12 03:03:10.859 INFO service - predict: predict
2021-09-12 03:03:10.951 INFO service - predict: predict
2021-09-12 03:03:11.035 INFO service - predict: predict
2021-09-12 03:03:11.115 INFO service - predict: predict
2021-09-12 03:03:11.215 INFO service - predict: predict
2021-09-12 03:03:11.299 INFO service - predict: predict
2021-09-12 03:03:11.375 INFO service - predict: predict
2021-09-12 03:03:11.455 INFO service - predict: predict
2021-09-12 03:03:11.535 INFO service - predict: predict
2021-09-12 03:03:11.619 INFO service - predict: predict
2021-09-12 03:03:11.691 INFO service - predict: predict
2021-09-12 03:03:11.783 INFO service - predict: predict
2021-09-12 03:03:11.879 INFO service - predict: predict
2021-09-12 03:03:11.966 INFO service - predict: predict
2021-09-12 03:03:12.055 INFO service - predict: predict
2021-09-12 03:03:12.154 INFO service - predict: predict
2021-09-12 03:03:12.230 INFO service - predict: predict
2021-09-12 03:03:12.307 INFO service - predict: predict
2021-09-12 03:03:12.386 INFO service - predict: predict
2021-09-12 03:03:12.474 INFO service - predict: predict
2021-09-12 03:03:12.562 INFO service - predict: predict
2021-09-12 03:03:12.635 INFO service - predict: predict
2021-09-12 03:03:12.714 INFO service - predict: predict
2021-09-12 03:03:12.807 INFO service - predict: predict
2021-09-12 03:03:12.895 INFO service - predict: predict
2021-09-12 03:03:12.966 INFO service - predict: predict
2021-09-12 03:03:13.046 INFO service - predict: predict
2021-09-12 03:03:13.127 INFO service - predict: predict
2021-09-12 03:03:13.214 INFO service - predict: predict
2021-09-12 03:03:13.291 INFO service - predict: predict
2021-09-12 03:03:13.395 INFO service - predict: predict
2021-09-12 03:03:13.483 INFO service - predict: predict
2021-09-12 03:03:13.558 INFO service - predict: predict
2021-09-12 03:03:13.634 INFO service - predict: predict
2021-09-12 03:03:13.713 INFO service - predict: predict
2021-09-12 03:03:13.805 INFO service - predict: predict
2021-09-12 03:03:13.878 INFO service - predict: predict
2021-09-12 03:03:13.954 INFO service - predict: predict
2021-09-12 03:03:14.026 INFO service - predict: predict
2021-09-12 03:03:14.111 INFO service - predict: predict
2021-09-12 03:03:14.191 INFO service - predict: predict
2021-09-12 03:03:15.287 INFO service - predict: predict
2021-09-12 03:03:15.380 INFO service - predict: predict
2021-09-12 03:03:15.462 INFO service - predict: predict
2021-09-12 03:03:15.547 INFO service - predict: predict
2021-09-12 03:03:15.623 INFO service - predict: predict
2021-09-12 03:03:15.694 INFO service - predict: predict
2021-09-12 03:03:15.778 INFO service - predict: predict
2021-09-12 03:03:15.871 INFO service - predict: predict
2021-09-12 03:03:15.951 INFO service - predict: predict
2021-09-12 03:03:16.026 INFO service - predict: predict
2021-09-12 03:03:16.111 INFO service - predict: predict
2021-09-12 03:03:16.182 INFO service - predict: predict
2021-09-12 03:03:16.262 INFO service - predict: predict
2021-09-12 03:03:16.338 INFO service - predict: predict
2021-09-12 03:03:16.427 INFO service - predict: predict
2021-09-12 03:03:16.518 INFO service - predict: predict
2021-09-12 03:03:16.606 INFO service - predict: predict
2021-09-12 03:03:16.689 INFO service - predict: predict
2021-09-12 03:03:16.778 INFO service - predict: predict
2021-09-12 03:03:16.863 INFO service - predict: predict
2021-09-12 03:03:16.942 INFO service - predict: predict
2021-09-12 03:03:17.018 INFO service - predict: predict
2021-09-12 03:03:17.122 INFO service - predict: predict
2021-09-12 03:03:17.219 INFO service - predict: predict
2021-09-12 03:03:17.310 INFO service - predict: predict
2021-09-12 03:03:17.618 INFO service - predict: predict
2021-09-12 03:03:18.919 INFO service - predict: predict
2021-09-12 03:03:18.991 INFO service - predict: predict
2021-09-12 03:03:19.061 INFO service - predict: predict
2021-09-12 03:03:19.138 INFO service - predict: predict
2021-09-12 03:03:19.214 INFO service - predict: predict
2021-09-12 03:03:19.310 INFO service - predict: predict
2021-09-12 03:03:19.391 INFO service - predict: predict
2021-09-12 03:03:19.511 INFO service - predict: predict
2021-09-12 03:03:19.858 INFO service - predict: predict
2021-09-12 03:03:19.931 INFO service - predict: predict
2021-09-12 03:03:20.035 INFO service - predict: predict
2021-09-12 03:03:20.130 INFO service - predict: predict
2021-09-12 03:03:20.214 INFO service - predict: predict
2021-09-12 03:03:20.287 INFO service - predict: predict
2021-09-12 03:03:20.367 INFO service - predict: predict
2021-09-12 03:03:20.450 INFO service - predict: predict
2021-09-12 03:03:20.534 INFO service - predict: predict
2021-09-12 03:03:20.614 INFO service - predict: predict
2021-09-12 03:03:20.682 INFO service - predict: predict
2021-09-12 03:03:20.763 INFO service - predict: predict
2021-09-12 03:03:20.842 INFO service - predict: predict
2021-09-12 03:03:20.987 INFO service - predict: predict
2021-09-12 03:03:21.067 INFO service - predict: predict
2021-09-12 03:03:21.146 INFO service - predict: predict
2021-09-12 03:03:21.237 INFO service - predict: predict
2021-09-12 03:03:21.326 INFO service - predict: predict
2021-09-12 03:03:21.426 INFO service - predict: predict
2021-09-12 03:03:21.519 INFO service - predict: predict
2021-09-12 03:03:21.603 INFO service - predict: predict
2021-09-12 03:03:21.683 INFO service - predict: predict
2021-09-12 03:03:21.855 INFO service - predict: predict
2021-09-12 03:03:21.943 INFO service - predict: predict
2021-09-12 03:03:22.031 INFO service - predict: predict
2021-09-12 03:03:22.111 INFO service - predict: predict
2021-09-12 03:03:22.207 INFO service - predict: predict
2021-09-12 03:03:22.315 INFO service - predict: predict
2021-09-12 03:03:22.423 INFO service - predict: predict
2021-09-12 03:03:22.523 INFO service - predict: predict
2021-09-12 03:03:22.623 INFO service - predict: predict
2021-09-12 03:03:22.707 INFO service - predict: predict
2021-09-12 03:03:22.803 INFO service - predict: predict
2021-09-12 03:03:22.875 INFO service - predict: predict
2021-09-12 03:03:22.951 INFO service - predict: predict
2021-09-12 03:03:23.034 INFO service - predict: predict
2021-09-12 03:03:23.111 INFO service - predict: predict
2021-09-12 03:03:23.191 INFO service - predict: predict
2021-09-12 03:03:23.264 INFO service - predict: predict
2021-09-12 03:03:23.343 INFO service - predict: predict
2021-09-12 03:03:23.439 INFO service - predict: predict
2021-09-12 03:03:23.526 INFO service - predict: predict
2021-09-12 03:03:23.618 INFO service - predict: predict
2021-09-12 03:03:23.694 INFO service - predict: predict
2021-09-12 03:03:23.806 INFO service - predict: predict
2021-09-12 03:03:23.887 INFO service - predict: predict
2021-09-12 03:03:23.958 INFO service - predict: predict
2021-09-12 03:03:24.042 INFO service - predict: predict
2021-09-12 03:03:24.118 INFO service - predict: predict
2021-09-12 03:03:24.202 INFO service - predict: predict
2021-09-12 03:03:24.282 INFO service - predict: predict
2021-09-12 03:03:24.363 INFO service - predict: predict
2021-09-12 03:03:24.462 INFO service - predict: predict
2021-09-12 03:03:24.550 INFO service - predict: predict
2021-09-12 03:03:24.635 INFO service - predict: predict
2021-09-12 03:03:24.722 INFO service - predict: predict
2021-09-12 03:03:24.815 INFO service - predict: predict
2021-09-12 03:03:24.912 INFO service - predict: predict
2021-09-12 03:03:25.007 INFO service - predict: predict
2021-09-12 03:03:25.082 INFO service - predict: predict
2021-09-12 03:03:25.158 INFO service - predict: predict
2021-09-12 03:03:25.230 INFO service - predict: predict
2021-09-12 03:03:25.302 INFO service - predict: predict
2021-09-12 03:03:25.394 INFO service - predict: predict
2021-09-12 03:03:25.471 INFO service - predict: predict
2021-09-12 03:03:25.551 INFO service - predict: predict
2021-09-12 03:03:26.643 INFO service - predict: predict
2021-09-12 03:03:26.726 INFO service - predict: predict
2021-09-12 03:03:26.839 INFO service - predict: predict
2021-09-12 03:03:26.922 INFO service - predict: predict
2021-09-12 03:03:27.003 INFO service - predict: predict
2021-09-12 03:03:27.079 INFO service - predict: predict
2021-09-12 03:03:27.151 INFO service - predict: predict
2021-09-12 03:03:27.242 INFO service - predict: predict
2021-09-12 03:03:27.331 INFO service - predict: predict
2021-09-12 03:03:27.422 INFO service - predict: predict
2021-09-12 03:03:27.510 INFO service - predict: predict
2021-09-12 03:03:27.586 INFO service - predict: predict
2021-09-12 03:03:27.654 INFO service - predict: predict
2021-09-12 03:03:27.730 INFO service - predict: predict
2021-09-12 03:03:27.814 INFO service - predict: predict
2021-09-12 03:03:27.894 INFO service - predict: predict
2021-09-12 03:03:27.976 INFO service - predict: predict
2021-09-12 03:03:28.046 INFO service - predict: predict
2021-09-12 03:03:28.155 INFO service - predict: predict
2021-09-12 03:03:28.262 INFO service - predict: predict
2021-09-12 03:03:28.350 INFO service - predict: predict
2021-09-12 03:03:28.471 INFO service - predict: predict
2021-09-12 03:03:28.575 INFO service - predict: predict
2021-09-12 03:03:28.658 INFO service - predict: predict
2021-09-12 03:03:28.734 INFO service - predict: predict
2021-09-12 03:03:28.815 INFO service - predict: predict
2021-09-12 03:03:28.895 INFO service - predict: predict
2021-09-12 03:03:28.975 INFO service - predict: predict
2021-09-12 03:03:29.055 INFO service - predict: predict
2021-09-12 03:03:29.139 INFO service - predict: predict
2021-09-12 03:03:29.235 INFO service - predict: predict
2021-09-12 03:03:29.347 INFO service - predict: predict
2021-09-12 03:03:29.451 INFO service - predict: predict
2021-09-12 03:03:29.579 INFO service - predict: predict
2021-09-12 03:03:30.319 INFO service - predict: predict
2021-09-12 03:03:30.427 INFO service - predict: predict
2021-09-12 03:03:30.532 INFO service - predict: predict
2021-09-12 03:03:30.652 INFO service - predict: predict
2021-09-12 03:03:30.740 INFO service - predict: predict
2021-09-12 03:03:30.840 INFO service - predict: predict
2021-09-12 03:03:30.920 INFO service - predict: predict
2021-09-12 03:03:31.006 INFO service - predict: predict
2021-09-12 03:03:31.090 INFO service - predict: predict
2021-09-12 03:03:31.162 INFO service - predict: predict
2021-09-12 03:03:31.255 INFO service - predict: predict
2021-09-12 03:03:31.322 INFO service - predict: predict
2021-09-12 03:03:31.390 INFO service - predict: predict
2021-09-12 03:03:31.462 INFO service - predict: predict
2021-09-12 03:03:31.530 INFO service - predict: predict
2021-09-12 03:03:31.602 INFO service - predict: predict
2021-09-12 03:03:31.670 INFO service - predict: predict
2021-09-12 03:03:31.743 INFO service - predict: predict
2021-09-12 03:03:31.816 INFO service - predict: predict
2021-09-12 03:03:31.920 INFO service - predict: predict
2021-09-12 03:03:32.000 INFO service - predict: predict
2021-09-12 03:03:32.099 INFO service - predict: predict
2021-09-12 03:03:32.180 INFO service - predict: predict
2021-09-12 03:03:32.260 INFO service - predict: predict
2021-09-12 03:03:32.348 INFO service - predict: predict
2021-09-12 03:03:32.435 INFO service - predict: predict
2021-09-12 03:03:32.544 INFO service - predict: predict
2021-09-12 03:03:32.648 INFO service - predict: predict
2021-09-12 03:03:32.740 INFO service - predict: predict
2021-09-12 03:03:32.828 INFO service - predict: predict
2021-09-12 03:03:32.908 INFO service - predict: predict
2021-09-12 03:03:33.007 INFO service - predict: predict
2021-09-12 03:03:33.312 INFO service - predict: predict
2021-09-12 03:03:33.395 INFO service - predict: predict
2021-09-12 03:03:33.500 INFO service - predict: predict
2021-09-12 03:03:33.618 INFO service - predict: predict
2021-09-12 03:03:33.699 INFO service - predict: predict
2021-09-12 03:03:33.790 INFO service - predict: predict
2021-09-12 03:03:33.867 INFO service - predict: predict
2021-09-12 03:03:33.946 INFO service - predict: predict
2021-09-12 03:03:34.039 INFO service - predict: predict
2021-09-12 03:03:34.119 INFO service - predict: predict
2021-09-12 03:03:34.198 INFO service - predict: predict
2021-09-12 03:03:34.291 INFO service - predict: predict
2021-09-12 03:03:34.378 INFO service - predict: predict
2021-09-12 03:03:34.482 INFO service - predict: predict
2021-09-12 03:03:34.574 INFO service - predict: predict
2021-09-12 03:03:34.651 INFO service - predict: predict
2021-09-12 03:03:34.731 INFO service - predict: predict
2021-09-12 03:03:34.810 INFO service - predict: predict
2021-09-12 03:03:34.900 INFO service - predict: predict
2021-09-12 03:03:34.991 INFO service - predict: predict
2021-09-12 03:03:35.090 INFO service - predict: predict
2021-09-12 03:03:35.187 INFO service - predict: predict
2021-09-12 03:03:35.297 INFO service - predict: predict
2021-09-12 03:03:35.391 INFO service - predict: predict
2021-09-12 03:03:35.491 INFO service - predict: predict
2021-09-12 03:03:35.587 INFO service - predict: predict
2021-09-12 03:03:35.680 INFO service - predict: predict
2021-09-12 03:03:35.772 INFO service - predict: predict
2021-09-12 03:03:35.879 INFO service - predict: predict
2021-09-12 03:03:35.970 INFO service - predict: predict
2021-09-12 03:03:36.052 INFO service - predict: predict
2021-09-12 03:03:36.164 INFO service - predict: predict
2021-09-12 03:03:36.256 INFO service - predict: predict
2021-09-12 03:03:36.347 INFO service - predict: predict
2021-09-12 03:03:37.529 INFO service - predict: predict
2021-09-12 03:03:37.647 INFO service - predict: predict
2021-09-12 03:03:37.770 INFO service - predict: predict
2021-09-12 03:03:37.895 INFO service - predict: predict
2021-09-12 03:03:38.032 INFO service - predict: predict
2021-09-12 03:03:38.140 INFO service - predict: predict
2021-09-12 03:03:38.276 INFO service - predict: predict
2021-09-12 03:03:38.408 INFO service - predict: predict
2021-09-12 03:03:38.506 INFO service - predict: predict
2021-09-12 03:03:38.590 INFO service - predict: predict
2021-09-12 03:03:38.670 INFO service - predict: predict
2021-09-12 03:03:38.742 INFO service - predict: predict
2021-09-12 03:03:38.818 INFO service - predict: predict
2021-09-12 03:03:38.894 INFO service - predict: predict
2021-09-12 03:03:38.967 INFO service - predict: predict
2021-09-12 03:03:39.042 INFO service - predict: predict
2021-09-12 03:03:39.118 INFO service - predict: predict
2021-09-12 03:03:39.194 INFO service - predict: predict
2021-09-12 03:03:39.265 INFO service - predict: predict
2021-09-12 03:03:39.341 INFO service - predict: predict
2021-09-12 03:03:39.413 INFO service - predict: predict
2021-09-12 03:03:39.501 INFO service - predict: predict
2021-09-12 03:03:39.565 INFO service - predict: predict
2021-09-12 03:03:39.634 INFO service - predict: predict
2021-09-12 03:03:39.711 INFO service - predict: predict
2021-09-12 03:03:39.782 INFO service - predict: predict
2021-09-12 03:03:39.866 INFO service - predict: predict
2021-09-12 03:03:39.938 INFO service - predict: predict
2021-09-12 03:03:40.018 INFO service - predict: predict
2021-09-12 03:03:40.102 INFO service - predict: predict
2021-09-12 03:03:40.170 INFO service - predict: predict
2021-09-12 03:03:40.246 INFO service - predict: predict
2021-09-12 03:03:40.318 INFO service - predict: predict
2021-09-12 03:03:40.402 INFO service - predict: predict
2021-09-12 03:03:40.478 INFO service - predict: predict
2021-09-12 03:03:40.550 INFO service - predict: predict
2021-09-12 03:03:40.634 INFO service - predict: predict
2021-09-12 03:03:40.706 INFO service - predict: predict
2021-09-12 03:03:40.781 INFO service - predict: predict
2021-09-12 03:03:40.859 INFO service - predict: predict
2021-09-12 03:03:40.933 INFO service - predict: predict
2021-09-12 03:03:41.006 INFO service - predict: predict
2021-09-12 03:03:41.074 INFO service - predict: predict
2021-09-12 03:03:41.154 INFO service - predict: predict
2021-09-12 03:03:41.226 INFO service - predict: predict
2021-09-12 03:04:02.859 INFO server - shutdown: Shutting down
2021-09-12 03:04:02.960 INFO on - shutdown: Waiting for application shutdown.
2021-09-12 03:04:02.960 INFO on - shutdown: Application shutdown complete.
2021-09-12 03:04:02.962 INFO server - serve: Finished server process [480]
